[debug] [2022-03-31T09:41:30.343Z] ----------------------------------------------------------------------
[debug] [2022-03-31T09:41:30.345Z] Command:       C:\Program Files\nodejs\node.exe C:\Users\HP-Pc\AppData\Roaming\npm\node_modules\firebase-tools\lib\bin\firebase.js init
[debug] [2022-03-31T09:41:30.345Z] CLI Version:   10.5.0
[debug] [2022-03-31T09:41:30.345Z] Platform:      win32
[debug] [2022-03-31T09:41:30.345Z] Node Version:  v14.17.6
[debug] [2022-03-31T09:41:30.346Z] Time:          Thu Mar 31 2022 16:41:30 GMT+0700 (Indochina Time)
[debug] [2022-03-31T09:41:30.346Z] ----------------------------------------------------------------------
[debug] 
[debug] [2022-03-31T09:41:30.350Z] > command requires scopes: ["email","openid","https://www.googleapis.com/auth/cloudplatformprojects.readonly","https://www.googleapis.com/auth/firebase","https://www.googleapis.com/auth/cloud-platform"]
[debug] [2022-03-31T09:41:30.351Z] > authorizing via signed-in user (tuanphamtran99@gmail.com)
[info] 
     ######## #### ########  ######## ########     ###     ######  ########
     ##        ##  ##     ## ##       ##     ##  ##   ##  ##       ##
     ######    ##  ########  ######   ########  #########  ######  ######
     ##        ##  ##    ##  ##       ##     ## ##     ##       ## ##
     ##       #### ##     ## ######## ########  ##     ##  ######  ########

You're about to initialize a Firebase project in this directory:

  D:\Firebase\firebase-app

[info] 
=== Project Setup
[info] 
[info] First, let's associate this project directory with a Firebase project.
[info] You can create multiple project aliases by running firebase use --add, 
[info] but for now we'll just set up a default project.
[info] 
[debug] [2022-03-31T09:41:42.072Z] >>> [apiv2][query] GET https://firebase.googleapis.com/v1beta1/projects pageSize=100
[debug] [2022-03-31T09:41:42.687Z] <<< [apiv2][status] GET https://firebase.googleapis.com/v1beta1/projects 200
[debug] [2022-03-31T09:41:42.687Z] <<< [apiv2][body] GET https://firebase.googleapis.com/v1beta1/projects [omitted]
[info] i  Using project fir-app-5ea7f (firebase-app) 
[info] 
=== Hosting Setup
[info] 
[info] Your public directory is the folder (relative to your project directory) that
[info] will contain Hosting assets to be uploaded with firebase deploy. If you
[info] have a build process for your assets, use your build's output directory.
[info] 
[debug] [2022-03-31T10:11:57.170Z] Error: kill ENOSYS
    at process.kill (internal/process/per_thread.js:200:13)
    at process.listener (C:\Users\HP-Pc\AppData\Roaming\npm\node_modules\firebase-tools\node_modules\signal-exit\index.js:95:15)
    at process.emit (events.js:400:28)
[error] 
[error] Error: An unexpected error has occurred.
